# JRE version: 7.0_04-b22
# Java VM: Java HotSpot(TM) 64-Bit Server VM (23.0-b21 mixed mode windows-amd64 compressed oops)
Heap
 PSYoungGen      total 70400K, used 60274K [0x00000000d5c00000, 0x00000000dfd40000, 0x0000000000000000)
  eden space 65024K, 84% used [0x00000000d5c00000,0x00000000d919f760,0x00000000d9b80000)
  from space 5376K, 99% used [0x00000000d9b80000,0x00000000da0bd200,0x00000000da0c0000)
  to   space 17536K, 0% used [0x00000000dec20000,0x00000000dec20000,0x00000000dfd40000)
 ParOldGen       total 86528K, used 37752K [0x0000000081400000, 0x0000000086880000, 0x00000000d5c00000)
  object space 86528K, 43% used [0x0000000081400000,0x00000000838de000,0x0000000086880000)
 PSPermGen       total 21248K, used 9114K [0x000000007c200000, 0x000000007d6c0000, 0x0000000081400000)
  object space 21248K, 42% used [0x000000007c200000,0x000000007cae6b88,0x000000007d6c0000)
GC Heap History (10 events):
Event: 0.680 GC heap before
{Heap before GC invocations=1 (full 0):
 PSYoungGen      total 37888K, used 32512K [0x00000000d5c00000, 0x00000000d8640000, 0x0000000000000000)
  eden space 32512K, 100% used [0x00000000d5c00000,0x00000000d7bc0000,0x00000000d7bc0000)
  from space 5376K, 0% used [0x00000000d8100000,0x00000000d8100000,0x00000000d8640000)
  to   space 5376K, 0% used [0x00000000d7bc0000,0x00000000d7bc0000,0x00000000d8100000)
 ParOldGen       total 86528K, used 0K [0x0000000081400000, 0x0000000086880000, 0x00000000d5c00000)
  object space 86528K, 0% used [0x0000000081400000,0x0000000081400000,0x0000000086880000)
 PSPermGen       total 21248K, used 8682K [0x000000007c200000, 0x000000007d6c0000, 0x0000000081400000)
  object space 21248K, 40% used [0x000000007c200000,0x000000007ca7abc0,0x000000007d6c0000)
Event: 0.687 GC heap after
Heap after GC invocations=1 (full 0):
 PSYoungGen      total 37888K, used 5348K [0x00000000d5c00000, 0x00000000d8640000, 0x0000000000000000)
  eden space 32512K, 0% used [0x00000000d5c00000,0x00000000d5c00000,0x00000000d7bc0000)
  from space 5376K, 99% used [0x00000000d7bc0000,0x00000000d80f91f0,0x00000000d8100000)
  to   space 5376K, 0% used [0x00000000d8100000,0x00000000d8100000,0x00000000d8640000)
 ParOldGen       total 86528K, used 4904K [0x0000000081400000, 0x0000000086880000, 0x00000000d5c00000)
  object space 86528K, 5% used [0x0000000081400000,0x00000000818ca000,0x0000000086880000)
 PSPermGen       total 21248K, used 8682K [0x000000007c200000, 0x000000007d6c0000, 0x0000000081400000)
  object space 21248K, 40% used [0x000000007c200000,0x000000007ca7abc0,0x000000007d6c0000)
}
Event: 1.114 GC heap before
{Heap before GC invocations=2 (full 0):
 PSYoungGen      total 37888K, used 37860K [0x00000000d5c00000, 0x00000000d8640000, 0x0000000000000000)
  eden space 32512K, 100% used [0x00000000d5c00000,0x00000000d7bc0000,0x00000000d7bc0000)
  from space 5376K, 99% used [0x00000000d7bc0000,0x00000000d80f91f0,0x00000000d8100000)
  to   space 5376K, 0% used [0x00000000d8100000,0x00000000d8100000,0x00000000d8640000)
 ParOldGen       total 86528K, used 4904K [0x0000000081400000, 0x0000000086880000, 0x00000000d5c00000)
  object space 86528K, 5% used [0x0000000081400000,0x00000000818ca000,0x0000000086880000)
 PSPermGen       total 21248K, used 8682K [0x000000007c200000, 0x000000007d6c0000, 0x0000000081400000)
  object space 21248K, 40% used [0x000000007c200000,0x000000007ca7abc0,0x000000007d6c0000)
Event: 1.124 GC heap after
Heap after GC invocations=2 (full 0):
 PSYoungGen      total 37888K, used 5348K [0x00000000d5c00000, 0x00000000da600000, 0x0000000000000000)
  eden space 32512K, 0% used [0x00000000d5c00000,0x00000000d5c00000,0x00000000d7bc0000)
  from space 5376K, 99% used [0x00000000d8100000,0x00000000d86391f0,0x00000000d8640000)
  to   space 5376K, 0% used [0x00000000d7bc0000,0x00000000d7bc0000,0x00000000d8100000)
 ParOldGen       total 86528K, used 11256K [0x0000000081400000, 0x0000000086880000, 0x00000000d5c00000)
  object space 86528K, 13% used [0x0000000081400000,0x0000000081efe000,0x0000000086880000)
 PSPermGen       total 21248K, used 8682K [0x000000007c200000, 0x000000007d6c0000, 0x0000000081400000)
  object space 21248K, 40% used [0x000000007c200000,0x000000007ca7abc0,0x000000007d6c0000)
}
Event: 1.532 GC heap before
{Heap before GC invocations=3 (full 0):
 PSYoungGen      total 37888K, used 37860K [0x00000000d5c00000, 0x00000000da600000, 0x0000000000000000)
  eden space 32512K, 100% used [0x00000000d5c00000,0x00000000d7bc0000,0x00000000d7bc0000)
  from space 5376K, 99% used [0x00000000d8100000,0x00000000d86391f0,0x00000000d8640000)
  to   space 5376K, 0% used [0x00000000d7bc0000,0x00000000d7bc0000,0x00000000d8100000)
 ParOldGen       total 86528K, used 11256K [0x0000000081400000, 0x0000000086880000, 0x00000000d5c00000)
  object space 86528K, 13% used [0x0000000081400000,0x0000000081efe000,0x0000000086880000)
 PSPermGen       total 21248K, used 8682K [0x000000007c200000, 0x000000007d6c0000, 0x0000000081400000)
  object space 21248K, 40% used [0x000000007c200000,0x000000007ca7abc0,0x000000007d6c0000)
Event: 1.540 GC heap after
Heap after GC invocations=3 (full 0):
 PSYoungGen      total 37888K, used 5364K [0x00000000d5c00000, 0x00000000da600000, 0x0000000000000000)
  eden space 32512K, 0% used [0x00000000d5c00000,0x00000000d5c00000,0x00000000d7bc0000)
  from space 5376K, 99% used [0x00000000d7bc0000,0x00000000d80fd200,0x00000000d8100000)
  to   space 5376K, 0% used [0x00000000da0c0000,0x00000000da0c0000,0x00000000da600000)
 ParOldGen       total 86528K, used 17848K [0x0000000081400000, 0x0000000086880000, 0x00000000d5c00000)
  object space 86528K, 20% used [0x0000000081400000,0x000000008256e000,0x0000000086880000)
 PSPermGen       total 21248K, used 8682K [0x000000007c200000, 0x000000007d6c0000, 0x0000000081400000)
  object space 21248K, 40% used [0x000000007c200000,0x000000007ca7abc0,0x000000007d6c0000)
}
Event: 1.967 GC heap before
{Heap before GC invocations=4 (full 0):
 PSYoungGen      total 37888K, used 37876K [0x00000000d5c00000, 0x00000000da600000, 0x0000000000000000)
  eden space 32512K, 100% used [0x00000000d5c00000,0x00000000d7bc0000,0x00000000d7bc0000)
  from space 5376K, 99% used [0x00000000d7bc0000,0x00000000d80fd200,0x00000000d8100000)
  to   space 5376K, 0% used [0x00000000da0c0000,0x00000000da0c0000,0x00000000da600000)
 ParOldGen       total 86528K, used 17848K [0x0000000081400000, 0x0000000086880000, 0x00000000d5c00000)
  object space 86528K, 20% used [0x0000000081400000,0x000000008256e000,0x0000000086880000)
 PSPermGen       total 21248K, used 8682K [0x000000007c200000, 0x000000007d6c0000, 0x0000000081400000)
  object space 21248K, 40% used [0x000000007c200000,0x000000007ca7abc0,0x000000007d6c0000)
Event: 1.976 GC heap after
Heap after GC invocations=4 (full 0):
 PSYoungGen      total 70400K, used 5364K [0x00000000d5c00000, 0x00000000da600000, 0x0000000000000000)
  eden space 65024K, 0% used [0x00000000d5c00000,0x00000000d5c00000,0x00000000d9b80000)
  from space 5376K, 99% used [0x00000000da0c0000,0x00000000da5fd200,0x00000000da600000)
  to   space 5376K, 0% used [0x00000000d9b80000,0x00000000d9b80000,0x00000000da0c0000)
 ParOldGen       total 86528K, used 24472K [0x0000000081400000, 0x0000000086880000, 0x00000000d5c00000)
  object space 86528K, 28% used [0x0000000081400000,0x0000000082be6000,0x0000000086880000)
 PSPermGen       total 21248K, used 8682K [0x000000007c200000, 0x000000007d6c0000, 0x0000000081400000)
  object space 21248K, 40% used [0x000000007c200000,0x000000007ca7abc0,0x000000007d6c0000)
}
Event: 2.829 GC heap before
{Heap before GC invocations=5 (full 0):
 PSYoungGen      total 70400K, used 70388K [0x00000000d5c00000, 0x00000000da600000, 0x0000000000000000)
  eden space 65024K, 100% used [0x00000000d5c00000,0x00000000d9b80000,0x00000000d9b80000)
  from space 5376K, 99% used [0x00000000da0c0000,0x00000000da5fd200,0x00000000da600000)
  to   space 5376K, 0% used [0x00000000d9b80000,0x00000000d9b80000,0x00000000da0c0000)
 ParOldGen       total 86528K, used 24472K [0x0000000081400000, 0x0000000086880000, 0x00000000d5c00000)
  object space 86528K, 28% used [0x0000000081400000,0x0000000082be6000,0x0000000086880000)
 PSPermGen       total 21248K, used 8682K [0x000000007c200000, 0x000000007d6c0000, 0x0000000081400000)
  object space 21248K, 40% used [0x000000007c200000,0x000000007ca7abc0,0x000000007d6c0000)
Event: 2.842 GC heap after
Heap after GC invocations=5 (full 0):
 PSYoungGen      total 70400K, used 5364K [0x00000000d5c00000, 0x00000000dfd40000, 0x0000000000000000)
  eden space 65024K, 0% used [0x00000000d5c00000,0x00000000d5c00000,0x00000000d9b80000)
  from space 5376K, 99% used [0x00000000d9b80000,0x00000000da0bd200,0x00000000da0c0000)
  to   space 17536K, 0% used [0x00000000dec20000,0x00000000dec20000,0x00000000dfd40000)
 ParOldGen       total 86528K, used 37752K [0x0000000081400000, 0x0000000086880000, 0x00000000d5c00000)
  object space 86528K, 43% used [0x0000000081400000,0x00000000838de000,0x0000000086880000)
 PSPermGen       total 21248K, used 8682K [0x000000007c200000, 0x000000007d6c0000, 0x0000000081400000)
  object space 21248K, 40% used [0x000000007c200000,0x000000007ca7abc0,0x000000007d6c0000)
}

